2019/10/01 07:44:56		 Ctrl+Enter  insert current date and time Ctrl+Shift+L insert current Line number in the textBox of "Change log"
2019/10/21 07:44:56		 Fixed: mff.bi file.Updated and add GridData, IpAddress, Picture control.
2019/10/21 10:46:00		 Added: add GridData popu menu
2019/10/22 19:06:40		 Fixed: GridData drawing too slowly. Remove redraw from CM_NOTIFY
2019/10/23 08:01:38		 Added: Add Property TimePicker in DateTimePicker control. Line 30
2019/10/25 07:55:25		 Added: Immediate window working fine. add unicode surport.
2019/10/25 07:56:24		 IPaddress couldn't work in design mode.
2019/10/25 08:19:34		 change Immediate window's back color to Black for the diffrence of other TAB window's color.  Will excute the code before current line which start with "import" 
2019/10/26 7:07:12		 Fixed:Surport change "if(" to "If (" and "Endif" to "End If" while formatting code.
2019/10/28 20:57:25		 Fixed: TreeView blink. apply TVS_EX_DOUBLEBUFFER in line 658 of TreeView.Bas
2019/10/29 08:25:35		 Added: Siwtch DoubleBuffered on in all control for good showing
2019/11/01 08:43:30		 Added: inifile save as UTF-8 format for unicode surport.
2019/11/03 11:11:42		 Added: Control array surport. In Line 2499 of TabWindow.FormDesign, Line 1528 of TabWindow.DesignerInsertingControl, TabWindow.DesignerDeleteControl Line 994
2019/11/08 22:01:15		 Added: Add key words (Try Finally End_Try, Asm, End Asm) in list and formatting code
2019/12/02 10:45:33		 Added: Add Resize function  in moudule Bitmap LoadfromFile
2020/01/02 11:05:33		 Fixed: format like "private: protected: public: ErrorHandler: " in function EditControl.formatCode Line 943
2020/01/03 15:36:37		Fixed: Control name surport unicode.
2020/01/04 10:34:12		Added: Add Help Menu FreeBasic Forums and FreeBasic WIKI
2020/01/06 08:52:40		Added: TODO list in bottom TAB
2020/01/06 09:22:18		Fixed:  MainNode should be  the node PTR of project only. now working fine.
2020/01/06 21:06:55		Fixed: Add ML function to all control of frmProjectProperties .
2020/01/07 09:15:44		Fixed:  Fixed Find & Replace function 
2020/01/07 15:26:51		Fixed:  The Language file updated and menu items updated. Only the Chinese  Language file reviewed.
2020/01/10 09:05:31		Fixed:  the ChangeLog and TODO will be updated when activate project  refresh.
 {Main.bas|(Declarations) Ln0




	
